# JRE version: Java(TM) SE Runtime Environment (25.0.2+10) (build 25.0.2+10-LTS-69)
# Java VM: Java HotSpot(TM) 64-Bit Server VM (25.0.2+10-LTS-69, mixed mode, sharing, tiered, compressed oops, compressed class ptrs, g1 gc, bsd-aarch64)
GC Precious Log:
 CardTable entry size: 512
 Card Set container configuration: InlinePtr #cards 5 size 8 Array Of Cards #cards 10 size 36 Howl #buckets 4 coarsen threshold 1843 Howl Bitmap #cards 512 size 80 coarsen threshold 460 Card regions per heap region 1 cards per card region 2048
 CPUs: 8 total, 8 available
 Memory: 8192M
 Large Page Support: Disabled
 NUMA Support: Disabled
 Compressed Oops: Enabled (Zero based)
 Heap Region Size: 1M
 Heap Min Capacity: 8M
 Heap Initial Capacity: 128M
 Heap Max Capacity: 2G
 Pre-touch: Disabled
 Parallel Workers: 8
 Concurrent Workers: 2
 Concurrent Refinement Workers: 8
 Periodic GC: Disabled
Heap:
 garbage-first heap   total reserved 2097152K, committed 37888K, used 26086K [0x0000000780000000, 0x0000000800000000)
  region size 1024K, 12 young (12288K), 2 survivors (2048K)
GC Heap Usage History (16 events):
Event: 0.998 {heap Before GC invocations=0 (full 0):
 garbage-first heap   total reserved 2097152K, committed 133120K, used 49281K [0x0000000780000000, 0x0000000800000000)
  region size 1024K, 47 young (48128K), 0 survivors (0K)
}
Event: 1.007 {heap After GC invocations=1 (full 0):
 garbage-first heap   total reserved 2097152K, committed 133120K, used 8364K [0x0000000780000000, 0x0000000800000000)
  region size 1024K, 6 young (6144K), 6 survivors (6144K)
}
Event: 1.155 {heap Before GC invocations=1 (full 0):
 garbage-first heap   total reserved 2097152K, committed 133120K, used 11436K [0x0000000780000000, 0x0000000800000000)
  region size 1024K, 10 young (10240K), 6 survivors (6144K)
}
Event: 1.164 {heap After GC invocations=2 (full 1):
 garbage-first heap   total reserved 2097152K, committed 37888K, used 8633K [0x0000000780000000, 0x0000000800000000)
  region size 1024K, 0 young (0K), 0 survivors (0K)
}
Event: 1.577 {heap Before GC invocations=2 (full 1):
 garbage-first heap   total reserved 2097152K, committed 37888K, used 19897K [0x0000000780000000, 0x0000000800000000)
  region size 1024K, 11 young (11264K), 0 survivors (0K)
}
Event: 1.579 {heap After GC invocations=3 (full 1):
 garbage-first heap   total reserved 2097152K, committed 37888K, used 10570K [0x0000000780000000, 0x0000000800000000)
  region size 1024K, 2 young (2048K), 2 survivors (2048K)
}
Event: 1.877 {heap Before GC invocations=3 (full 1):
 garbage-first heap   total reserved 2097152K, committed 37888K, used 22858K [0x0000000780000000, 0x0000000800000000)
  region size 1024K, 15 young (15360K), 2 survivors (2048K)
}
Event: 1.878 {heap After GC invocations=4 (full 1):
 garbage-first heap   total reserved 2097152K, committed 37888K, used 11029K [0x0000000780000000, 0x0000000800000000)
  region size 1024K, 1 young (1024K), 1 survivors (1024K)
}
Event: 3.261 {heap Before GC invocations=4 (full 1):
 garbage-first heap   total reserved 2097152K, committed 37888K, used 24341K [0x0000000780000000, 0x0000000800000000)
  region size 1024K, 15 young (15360K), 1 survivors (1024K)
}
Event: 3.265 {heap After GC invocations=5 (full 1):
 garbage-first heap   total reserved 2097152K, committed 37888K, used 14705K [0x0000000780000000, 0x0000000800000000)
  region size 1024K, 2 young (2048K), 2 survivors (2048K)
}
Event: 3.787 {heap Before GC invocations=5 (full 1):
 garbage-first heap   total reserved 2097152K, committed 37888K, used 23921K [0x0000000780000000, 0x0000000800000000)
  region size 1024K, 12 young (12288K), 2 survivors (2048K)
}
Event: 3.789 {heap After GC invocations=6 (full 1):
 garbage-first heap   total reserved 2097152K, committed 37888K, used 15700K [0x0000000780000000, 0x0000000800000000)
  region size 1024K, 1 young (1024K), 1 survivors (1024K)
}
Event: 3.940 {heap Before GC invocations=7 (full 1):
 garbage-first heap   total reserved 2097152K, committed 37888K, used 26964K [0x0000000780000000, 0x0000000800000000)
  region size 1024K, 13 young (13312K), 1 survivors (1024K)
}
Event: 3.941 {heap After GC invocations=8 (full 1):
 garbage-first heap   total reserved 2097152K, committed 37888K, used 16358K [0x0000000780000000, 0x0000000800000000)
  region size 1024K, 2 young (2048K), 2 survivors (2048K)
}
Event: 4.078 {heap Before GC invocations=8 (full 1):
 garbage-first heap   total reserved 2097152K, committed 37888K, used 28646K [0x0000000780000000, 0x0000000800000000)
  region size 1024K, 14 young (14336K), 2 survivors (2048K)
}
Event: 4.081 {heap After GC invocations=9 (full 1):
 garbage-first heap   total reserved 2097152K, committed 37888K, used 16870K [0x0000000780000000, 0x0000000800000000)
  region size 1024K, 2 young (2048K), 2 survivors (2048K)
}

