# JRE version: Java(TM) SE Runtime Environment (25.0.2+10) (build 25.0.2+10-LTS-69)
# Java VM: Java HotSpot(TM) 64-Bit Server VM (25.0.2+10-LTS-69, mixed mode, sharing, tiered, compressed oops, compressed class ptrs, g1 gc, bsd-aarch64)
GC Precious Log:
 CardTable entry size: 512
 Card Set container configuration: InlinePtr #cards 5 size 8 Array Of Cards #cards 10 size 36 Howl #buckets 4 coarsen threshold 1843 Howl Bitmap #cards 512 size 80 coarsen threshold 460 Card regions per heap region 1 cards per card region 2048
 CPUs: 8 total, 8 available
 Memory: 8192M
 Large Page Support: Disabled
 NUMA Support: Disabled
 Compressed Oops: Enabled (Zero based)
 Heap Region Size: 1M
 Heap Min Capacity: 8M
 Heap Initial Capacity: 128M
 Heap Max Capacity: 2G
 Pre-touch: Disabled
 Parallel Workers: 8
 Concurrent Workers: 2
 Concurrent Refinement Workers: 8
 Periodic GC: Disabled
Heap:
 garbage-first heap   total reserved 2097152K, committed 61440K, used 38084K [0x0000000780000000, 0x0000000800000000)
  region size 1024K, 22 young (22528K), 2 survivors (2048K)
GC Heap Usage History (20 events):
Event: 4.067 {heap Before GC invocations=3 (full 1):
 garbage-first heap   total reserved 2097152K, committed 37888K, used 22632K [0x0000000780000000, 0x0000000800000000)
  region size 1024K, 15 young (15360K), 2 survivors (2048K)
}
Event: 4.073 {heap After GC invocations=4 (full 1):
 garbage-first heap   total reserved 2097152K, committed 37888K, used 11056K [0x0000000780000000, 0x0000000800000000)
  region size 1024K, 1 young (1024K), 1 survivors (1024K)
}
Event: 4.218 {heap Before GC invocations=4 (full 1):
 garbage-first heap   total reserved 2097152K, committed 37888K, used 12080K [0x0000000780000000, 0x0000000800000000)
  region size 1024K, 3 young (3072K), 1 survivors (1024K)
}
Event: 4.247 {heap After GC invocations=5 (full 2):
 garbage-first heap   total reserved 2097152K, committed 37888K, used 11398K [0x0000000780000000, 0x0000000800000000)
  region size 1024K, 0 young (0K), 0 survivors (0K)
}
Event: 7.036 {heap Before GC invocations=5 (full 2):
 garbage-first heap   total reserved 2097152K, committed 37888K, used 24710K [0x0000000780000000, 0x0000000800000000)
  region size 1024K, 14 young (14336K), 0 survivors (0K)
}
Event: 7.054 {heap After GC invocations=6 (full 2):
 garbage-first heap   total reserved 2097152K, committed 37888K, used 13509K [0x0000000780000000, 0x0000000800000000)
  region size 1024K, 2 young (2048K), 2 survivors (2048K)
}
Event: 7.536 {heap Before GC invocations=6 (full 2):
 garbage-first heap   total reserved 2097152K, committed 37888K, used 26821K [0x0000000780000000, 0x0000000800000000)
  region size 1024K, 15 young (15360K), 2 survivors (2048K)
}
Event: 7.539 {heap After GC invocations=7 (full 2):
 garbage-first heap   total reserved 2097152K, committed 37888K, used 14377K [0x0000000780000000, 0x0000000800000000)
  region size 1024K, 1 young (1024K), 1 survivors (1024K)
}
Event: 7.633 {heap Before GC invocations=7 (full 2):
 garbage-first heap   total reserved 2097152K, committed 37888K, used 17449K [0x0000000780000000, 0x0000000800000000)
  region size 1024K, 5 young (5120K), 1 survivors (1024K)
}
Event: 7.665 {heap After GC invocations=8 (full 3):
 garbage-first heap   total reserved 2097152K, committed 37888K, used 14199K [0x0000000780000000, 0x0000000800000000)
  region size 1024K, 0 young (0K), 0 survivors (0K)
}
Event: 7.742 {heap Before GC invocations=8 (full 3):
 garbage-first heap   total reserved 2097152K, committed 37888K, used 17271K [0x0000000780000000, 0x0000000800000000)
  region size 1024K, 4 young (4096K), 0 survivors (0K)
}
Event: 7.773 {heap After GC invocations=9 (full 4):
 garbage-first heap   total reserved 2097152K, committed 37888K, used 14370K [0x0000000780000000, 0x0000000800000000)
  region size 1024K, 0 young (0K), 0 survivors (0K)
}
Event: 8.116 {heap Before GC invocations=9 (full 4):
 garbage-first heap   total reserved 2097152K, committed 37888K, used 29730K [0x0000000780000000, 0x0000000800000000)
  region size 1024K, 15 young (15360K), 0 survivors (0K)
}
Event: 8.117 {heap After GC invocations=10 (full 4):
 garbage-first heap   total reserved 2097152K, committed 84992K, used 15047K [0x0000000780000000, 0x0000000800000000)
  region size 1024K, 1 young (1024K), 1 survivors (1024K)
}
Event: 9.186 {heap Before GC invocations=10 (full 4):
 garbage-first heap   total reserved 2097152K, committed 84992K, used 63175K [0x0000000780000000, 0x0000000800000000)
  region size 1024K, 48 young (49152K), 1 survivors (1024K)
}
Event: 9.193 {heap After GC invocations=11 (full 4):
 garbage-first heap   total reserved 2097152K, committed 84992K, used 17507K [0x0000000780000000, 0x0000000800000000)
  region size 1024K, 4 young (4096K), 4 survivors (4096K)
}
Event: 9.312 {heap Before GC invocations=11 (full 4):
 garbage-first heap   total reserved 2097152K, committed 84992K, used 22627K [0x0000000780000000, 0x0000000800000000)
  region size 1024K, 10 young (10240K), 4 survivors (4096K)
}
Event: 9.345 {heap After GC invocations=12 (full 5):
 garbage-first heap   total reserved 2097152K, committed 61440K, used 17266K [0x0000000780000000, 0x0000000800000000)
  region size 1024K, 0 young (0K), 0 survivors (0K)
}
Event: 9.716 {heap Before GC invocations=12 (full 5):
 garbage-first heap   total reserved 2097152K, committed 61440K, used 49010K [0x0000000780000000, 0x0000000800000000)
  region size 1024K, 31 young (31744K), 0 survivors (0K)
}
Event: 9.718 {heap After GC invocations=13 (full 5):
 garbage-first heap   total reserved 2097152K, committed 61440K, used 18628K [0x0000000780000000, 0x0000000800000000)
  region size 1024K, 2 young (2048K), 2 survivors (2048K)
}

