# JRE version: Java(TM) SE Runtime Environment (25.0.2+10) (build 25.0.2+10-LTS-69)
# Java VM: Java HotSpot(TM) 64-Bit Server VM (25.0.2+10-LTS-69, mixed mode, sharing, tiered, compressed oops, compressed class ptrs, g1 gc, bsd-aarch64)
GC Precious Log:
 CardTable entry size: 512
 Card Set container configuration: InlinePtr #cards 5 size 8 Array Of Cards #cards 10 size 36 Howl #buckets 4 coarsen threshold 1843 Howl Bitmap #cards 512 size 80 coarsen threshold 460 Card regions per heap region 1 cards per card region 2048
 CPUs: 8 total, 8 available
 Memory: 8192M
 Large Page Support: Disabled
 NUMA Support: Disabled
 Compressed Oops: Enabled (Zero based)
 Heap Region Size: 1M
 Heap Min Capacity: 8M
 Heap Initial Capacity: 128M
 Heap Max Capacity: 2G
 Pre-touch: Disabled
 Parallel Workers: 8
 Concurrent Workers: 2
 Concurrent Refinement Workers: 8
 Periodic GC: Disabled
Heap:
 garbage-first heap   total reserved 2097152K, committed 78848K, used 24328K [0x0000000780000000, 0x0000000800000000)
  region size 1024K, 3 young (3072K), 0 survivors (0K)
GC Heap Usage History (20 events):
Event: 24.113 {heap Before GC invocations=143 (full 14):
 garbage-first heap   total reserved 2097152K, committed 78848K, used 70567K [0x0000000780000000, 0x0000000800000000)
  region size 1024K, 49 young (50176K), 1 survivors (1024K)
}
Event: 24.115 {heap After GC invocations=144 (full 14):
 garbage-first heap   total reserved 2097152K, committed 78848K, used 21724K [0x0000000780000000, 0x0000000800000000)
  region size 1024K, 1 young (1024K), 1 survivors (1024K)
}
Event: 24.219 {heap Before GC invocations=144 (full 14):
 garbage-first heap   total reserved 2097152K, committed 78848K, used 67804K [0x0000000780000000, 0x0000000800000000)
  region size 1024K, 46 young (47104K), 1 survivors (1024K)
}
Event: 24.221 {heap After GC invocations=145 (full 14):
 garbage-first heap   total reserved 2097152K, committed 157696K, used 21745K [0x0000000780000000, 0x0000000800000000)
  region size 1024K, 1 young (1024K), 1 survivors (1024K)
}
Event: 24.401 {heap Before GC invocations=145 (full 14):
 garbage-first heap   total reserved 2097152K, committed 157696K, used 76017K [0x0000000780000000, 0x0000000800000000)
  region size 1024K, 55 young (56320K), 1 survivors (1024K)
}
Event: 24.470 {heap After GC invocations=146 (full 15):
 garbage-first heap   total reserved 2097152K, committed 81920K, used 21705K [0x0000000780000000, 0x0000000800000000)
  region size 1024K, 0 young (0K), 0 survivors (0K)
}
Event: 24.573 {heap Before GC invocations=146 (full 15):
 garbage-first heap   total reserved 2097152K, committed 81920K, used 70857K [0x0000000780000000, 0x0000000800000000)
  region size 1024K, 48 young (49152K), 0 survivors (0K)
}
Event: 24.574 {heap After GC invocations=147 (full 15):
 garbage-first heap   total reserved 2097152K, committed 81920K, used 22093K [0x0000000780000000, 0x0000000800000000)
  region size 1024K, 1 young (1024K), 1 survivors (1024K)
}
Event: 24.668 {heap Before GC invocations=148 (full 15):
 garbage-first heap   total reserved 2097152K, committed 81920K, used 70221K [0x0000000780000000, 0x0000000800000000)
  region size 1024K, 48 young (49152K), 1 survivors (1024K)
}
Event: 24.670 {heap After GC invocations=149 (full 15):
 garbage-first heap   total reserved 2097152K, committed 81920K, used 22120K [0x0000000780000000, 0x0000000800000000)
  region size 1024K, 1 young (1024K), 1 survivors (1024K)
}
Event: 24.759 {heap Before GC invocations=149 (full 15):
 garbage-first heap   total reserved 2097152K, committed 81920K, used 70248K [0x0000000780000000, 0x0000000800000000)
  region size 1024K, 48 young (49152K), 1 survivors (1024K)
}
Event: 24.761 {heap After GC invocations=150 (full 15):
 garbage-first heap   total reserved 2097152K, committed 81920K, used 22359K [0x0000000780000000, 0x0000000800000000)
  region size 1024K, 1 young (1024K), 1 survivors (1024K)
}
Event: 24.840 {heap Before GC invocations=150 (full 15):
 garbage-first heap   total reserved 2097152K, committed 81920K, used 70487K [0x0000000780000000, 0x0000000800000000)
  region size 1024K, 48 young (49152K), 1 survivors (1024K)
}
Event: 24.842 {heap After GC invocations=151 (full 15):
 garbage-first heap   total reserved 2097152K, committed 81920K, used 22480K [0x0000000780000000, 0x0000000800000000)
  region size 1024K, 1 young (1024K), 1 survivors (1024K)
}
Event: 24.914 {heap Before GC invocations=152 (full 15):
 garbage-first heap   total reserved 2097152K, committed 81920K, used 70608K [0x0000000780000000, 0x0000000800000000)
  region size 1024K, 48 young (49152K), 1 survivors (1024K)
}
Event: 24.916 {heap After GC invocations=153 (full 15):
 garbage-first heap   total reserved 2097152K, committed 81920K, used 22559K [0x0000000780000000, 0x0000000800000000)
  region size 1024K, 1 young (1024K), 1 survivors (1024K)
}
Event: 24.965 {heap Before GC invocations=153 (full 15):
 garbage-first heap   total reserved 2097152K, committed 81920K, used 70687K [0x0000000780000000, 0x0000000800000000)
  region size 1024K, 48 young (49152K), 1 survivors (1024K)
}
Event: 24.966 {heap After GC invocations=154 (full 15):
 garbage-first heap   total reserved 2097152K, committed 163840K, used 22714K [0x0000000780000000, 0x0000000800000000)
  region size 1024K, 1 young (1024K), 1 survivors (1024K)
}
Event: 25.061 {heap Before GC invocations=154 (full 15):
 garbage-first heap   total reserved 2097152K, committed 163840K, used 68794K [0x0000000780000000, 0x0000000800000000)
  region size 1024K, 47 young (48128K), 1 survivors (1024K)
}
Event: 25.105 {heap After GC invocations=155 (full 16):
 garbage-first heap   total reserved 2097152K, committed 78848K, used 22280K [0x0000000780000000, 0x0000000800000000)
  region size 1024K, 0 young (0K), 0 survivors (0K)
}

