# JRE version: Java(TM) SE Runtime Environment (25.0.2+10) (build 25.0.2+10-LTS-69)
# Java VM: Java HotSpot(TM) 64-Bit Server VM (25.0.2+10-LTS-69, mixed mode, sharing, tiered, compressed oops, compressed class ptrs, g1 gc, bsd-aarch64)
GC Precious Log:
 CardTable entry size: 512
 Card Set container configuration: InlinePtr #cards 5 size 8 Array Of Cards #cards 10 size 36 Howl #buckets 4 coarsen threshold 1843 Howl Bitmap #cards 512 size 80 coarsen threshold 460 Card regions per heap region 1 cards per card region 2048
 CPUs: 8 total, 8 available
 Memory: 8192M
 Large Page Support: Disabled
 NUMA Support: Disabled
 Compressed Oops: Enabled (Zero based)
 Heap Region Size: 1M
 Heap Min Capacity: 8M
 Heap Initial Capacity: 128M
 Heap Max Capacity: 2G
 Pre-touch: Disabled
 Parallel Workers: 8
 Concurrent Workers: 2
 Concurrent Refinement Workers: 8
 Periodic GC: Disabled
Heap:
 garbage-first heap   total reserved 2097152K, committed 37888K, used 16677K [0x0000000780000000, 0x0000000800000000)
  region size 1024K, 4 young (4096K), 2 survivors (2048K)
GC Heap Usage History (20 events):
Event: 0.938 {heap Before GC invocations=0 (full 0):
 garbage-first heap   total reserved 2097152K, committed 133120K, used 49281K [0x0000000780000000, 0x0000000800000000)
  region size 1024K, 47 young (48128K), 0 survivors (0K)
}
Event: 0.949 {heap After GC invocations=1 (full 0):
 garbage-first heap   total reserved 2097152K, committed 133120K, used 8406K [0x0000000780000000, 0x0000000800000000)
  region size 1024K, 6 young (6144K), 6 survivors (6144K)
}
Event: 1.195 {heap Before GC invocations=1 (full 0):
 garbage-first heap   total reserved 2097152K, committed 133120K, used 11478K [0x0000000780000000, 0x0000000800000000)
  region size 1024K, 10 young (10240K), 6 survivors (6144K)
}
Event: 1.205 {heap After GC invocations=2 (full 1):
 garbage-first heap   total reserved 2097152K, committed 37888K, used 8646K [0x0000000780000000, 0x0000000800000000)
  region size 1024K, 0 young (0K), 0 survivors (0K)
}
Event: 2.131 {heap Before GC invocations=2 (full 1):
 garbage-first heap   total reserved 2097152K, committed 37888K, used 19910K [0x0000000780000000, 0x0000000800000000)
  region size 1024K, 11 young (11264K), 0 survivors (0K)
}
Event: 2.133 {heap After GC invocations=3 (full 1):
 garbage-first heap   total reserved 2097152K, committed 37888K, used 10575K [0x0000000780000000, 0x0000000800000000)
  region size 1024K, 2 young (2048K), 2 survivors (2048K)
}
Event: 2.726 {heap Before GC invocations=3 (full 1):
 garbage-first heap   total reserved 2097152K, committed 37888K, used 22863K [0x0000000780000000, 0x0000000800000000)
  region size 1024K, 15 young (15360K), 2 survivors (2048K)
}
Event: 2.728 {heap After GC invocations=4 (full 1):
 garbage-first heap   total reserved 2097152K, committed 37888K, used 10982K [0x0000000780000000, 0x0000000800000000)
  region size 1024K, 1 young (1024K), 1 survivors (1024K)
}
Event: 4.231 {heap Before GC invocations=4 (full 1):
 garbage-first heap   total reserved 2097152K, committed 37888K, used 24294K [0x0000000780000000, 0x0000000800000000)
  region size 1024K, 15 young (15360K), 1 survivors (1024K)
}
Event: 4.239 {heap After GC invocations=5 (full 1):
 garbage-first heap   total reserved 2097152K, committed 37888K, used 14790K [0x0000000780000000, 0x0000000800000000)
  region size 1024K, 2 young (2048K), 2 survivors (2048K)
}
Event: 5.461 {heap Before GC invocations=5 (full 1):
 garbage-first heap   total reserved 2097152K, committed 37888K, used 22982K [0x0000000780000000, 0x0000000800000000)
  region size 1024K, 12 young (12288K), 2 survivors (2048K)
}
Event: 5.463 {heap After GC invocations=6 (full 1):
 garbage-first heap   total reserved 2097152K, committed 37888K, used 15928K [0x0000000780000000, 0x0000000800000000)
  region size 1024K, 1 young (1024K), 1 survivors (1024K)
}
Event: 5.542 {heap Before GC invocations=7 (full 1):
 garbage-first heap   total reserved 2097152K, committed 37888K, used 19000K [0x0000000780000000, 0x0000000800000000)
  region size 1024K, 6 young (6144K), 1 survivors (1024K)
}
Event: 5.558 {heap After GC invocations=8 (full 2):
 garbage-first heap   total reserved 2097152K, committed 37888K, used 14045K [0x0000000780000000, 0x0000000800000000)
  region size 1024K, 0 young (0K), 0 survivors (0K)
}
Event: 5.689 {heap Before GC invocations=8 (full 2):
 garbage-first heap   total reserved 2097152K, committed 37888K, used 28381K [0x0000000780000000, 0x0000000800000000)
  region size 1024K, 14 young (14336K), 0 survivors (0K)
}
Event: 5.690 {heap After GC invocations=9 (full 2):
 garbage-first heap   total reserved 2097152K, committed 37888K, used 14919K [0x0000000780000000, 0x0000000800000000)
  region size 1024K, 1 young (1024K), 1 survivors (1024K)
}
Event: 6.095 {heap Before GC invocations=9 (full 2):
 garbage-first heap   total reserved 2097152K, committed 37888K, used 30279K [0x0000000780000000, 0x0000000800000000)
  region size 1024K, 16 young (16384K), 1 survivors (1024K)
}
Event: 6.096 {heap After GC invocations=10 (full 2):
 garbage-first heap   total reserved 2097152K, committed 37888K, used 15292K [0x0000000780000000, 0x0000000800000000)
  region size 1024K, 2 young (2048K), 2 survivors (2048K)
}
Event: 6.243 {heap Before GC invocations=10 (full 2):
 garbage-first heap   total reserved 2097152K, committed 37888K, used 30652K [0x0000000780000000, 0x0000000800000000)
  region size 1024K, 17 young (17408K), 2 survivors (2048K)
}
Event: 6.244 {heap After GC invocations=11 (full 2):
 garbage-first heap   total reserved 2097152K, committed 37888K, used 15653K [0x0000000780000000, 0x0000000800000000)
  region size 1024K, 2 young (2048K), 2 survivors (2048K)
}

