# JRE version: Java(TM) SE Runtime Environment (25.0.2+10) (build 25.0.2+10-LTS-69)
# Java VM: Java HotSpot(TM) 64-Bit Server VM (25.0.2+10-LTS-69, mixed mode, sharing, tiered, compressed oops, compressed class ptrs, g1 gc, bsd-aarch64)
GC Precious Log:
 CardTable entry size: 512
 Card Set container configuration: InlinePtr #cards 5 size 8 Array Of Cards #cards 10 size 36 Howl #buckets 4 coarsen threshold 1843 Howl Bitmap #cards 512 size 80 coarsen threshold 460 Card regions per heap region 1 cards per card region 2048
 CPUs: 8 total, 8 available
 Memory: 8192M
 Large Page Support: Disabled
 NUMA Support: Disabled
 Compressed Oops: Enabled (Zero based)
 Heap Region Size: 1M
 Heap Min Capacity: 8M
 Heap Initial Capacity: 128M
 Heap Max Capacity: 2G
 Pre-touch: Disabled
 Parallel Workers: 8
 Concurrent Workers: 2
 Concurrent Refinement Workers: 8
 Periodic GC: Disabled
Heap:
 garbage-first heap   total reserved 2097152K, committed 221184K, used 66595K [0x0000000780000000, 0x0000000800000000)
  region size 1024K, 45 young (46080K), 1 survivors (1024K)
GC Heap Usage History (20 events):
Event: 382.267 {heap Before GC invocations=5005 (full 384):
 garbage-first heap   total reserved 2097152K, committed 84992K, used 73979K [0x0000000780000000, 0x0000000800000000)
  region size 1024K, 49 young (50176K), 1 survivors (1024K)
}
Event: 382.268 {heap After GC invocations=5006 (full 384):
 garbage-first heap   total reserved 2097152K, committed 84992K, used 25003K [0x0000000780000000, 0x0000000800000000)
  region size 1024K, 1 young (1024K), 1 survivors (1024K)
}
Event: 382.287 {heap Before GC invocations=5006 (full 384):
 garbage-first heap   total reserved 2097152K, committed 84992K, used 74155K [0x0000000780000000, 0x0000000800000000)
  region size 1024K, 49 young (50176K), 1 survivors (1024K)
}
Event: 382.288 {heap After GC invocations=5007 (full 384):
 garbage-first heap   total reserved 2097152K, committed 84992K, used 25258K [0x0000000780000000, 0x0000000800000000)
  region size 1024K, 1 young (1024K), 1 survivors (1024K)
}
Event: 382.306 {heap Before GC invocations=5007 (full 384):
 garbage-first heap   total reserved 2097152K, committed 84992K, used 74410K [0x0000000780000000, 0x0000000800000000)
  region size 1024K, 49 young (50176K), 1 survivors (1024K)
}
Event: 382.307 {heap After GC invocations=5008 (full 384):
 garbage-first heap   total reserved 2097152K, committed 169984K, used 25361K [0x0000000780000000, 0x0000000800000000)
  region size 1024K, 1 young (1024K), 1 survivors (1024K)
}
Event: 382.354 {heap Before GC invocations=5008 (full 384):
 garbage-first heap   total reserved 2097152K, committed 169984K, used 120593K [0x0000000780000000, 0x0000000800000000)
  region size 1024K, 95 young (97280K), 1 survivors (1024K)
}
Event: 382.376 {heap After GC invocations=5009 (full 385):
 garbage-first heap   total reserved 2097152K, committed 78848K, used 21909K [0x0000000780000000, 0x0000000800000000)
  region size 1024K, 0 young (0K), 0 survivors (0K)
}
Event: 382.395 {heap Before GC invocations=5009 (full 385):
 garbage-first heap   total reserved 2097152K, committed 78848K, used 69013K [0x0000000780000000, 0x0000000800000000)
  region size 1024K, 46 young (47104K), 0 survivors (0K)
}
Event: 382.396 {heap After GC invocations=5010 (full 385):
 garbage-first heap   total reserved 2097152K, committed 78848K, used 22264K [0x0000000780000000, 0x0000000800000000)
  region size 1024K, 1 young (1024K), 1 survivors (1024K)
}
Event: 382.420 {heap Before GC invocations=5011 (full 385):
 garbage-first heap   total reserved 2097152K, committed 78848K, used 68344K [0x0000000780000000, 0x0000000800000000)
  region size 1024K, 46 young (47104K), 1 survivors (1024K)
}
Event: 382.421 {heap After GC invocations=5012 (full 385):
 garbage-first heap   total reserved 2097152K, committed 78848K, used 22355K [0x0000000780000000, 0x0000000800000000)
  region size 1024K, 1 young (1024K), 1 survivors (1024K)
}
Event: 382.438 {heap Before GC invocations=5012 (full 385):
 garbage-first heap   total reserved 2097152K, committed 78848K, used 68435K [0x0000000780000000, 0x0000000800000000)
  region size 1024K, 46 young (47104K), 1 survivors (1024K)
}
Event: 382.439 {heap After GC invocations=5013 (full 385):
 garbage-first heap   total reserved 2097152K, committed 78848K, used 22569K [0x0000000780000000, 0x0000000800000000)
  region size 1024K, 1 young (1024K), 1 survivors (1024K)
}
Event: 382.448 {heap Before GC invocations=5013 (full 385):
 garbage-first heap   total reserved 2097152K, committed 78848K, used 46121K [0x0000000780000000, 0x0000000800000000)
  region size 1024K, 25 young (25600K), 1 survivors (1024K)
}
Event: 382.460 {heap After GC invocations=5014 (full 386):
 garbage-first heap   total reserved 2097152K, committed 78848K, used 22250K [0x0000000780000000, 0x0000000800000000)
  region size 1024K, 0 young (0K), 0 survivors (0K)
}
Event: 382.480 {heap Before GC invocations=5014 (full 386):
 garbage-first heap   total reserved 2097152K, committed 78848K, used 69354K [0x0000000780000000, 0x0000000800000000)
  region size 1024K, 46 young (47104K), 0 survivors (0K)
}
Event: 382.481 {heap After GC invocations=5015 (full 386):
 garbage-first heap   total reserved 2097152K, committed 78848K, used 22575K [0x0000000780000000, 0x0000000800000000)
  region size 1024K, 1 young (1024K), 1 survivors (1024K)
}
Event: 382.498 {heap Before GC invocations=5015 (full 386):
 garbage-first heap   total reserved 2097152K, committed 78848K, used 68655K [0x0000000780000000, 0x0000000800000000)
  region size 1024K, 46 young (47104K), 1 survivors (1024K)
}
Event: 382.499 {heap After GC invocations=5016 (full 386):
 garbage-first heap   total reserved 2097152K, committed 221184K, used 22563K [0x0000000780000000, 0x0000000800000000)
  region size 1024K, 1 young (1024K), 1 survivors (1024K)
}

