# JRE version: Java(TM) SE Runtime Environment (25.0.2+10) (build 25.0.2+10-LTS-69)
# Java VM: Java HotSpot(TM) 64-Bit Server VM (25.0.2+10-LTS-69, mixed mode, sharing, tiered, compressed oops, compressed class ptrs, g1 gc, bsd-aarch64)
GC Precious Log:
 CardTable entry size: 512
 Card Set container configuration: InlinePtr #cards 5 size 8 Array Of Cards #cards 10 size 36 Howl #buckets 4 coarsen threshold 1843 Howl Bitmap #cards 512 size 80 coarsen threshold 460 Card regions per heap region 1 cards per card region 2048
 CPUs: 8 total, 8 available
 Memory: 8192M
 Large Page Support: Disabled
 NUMA Support: Disabled
 Compressed Oops: Enabled (Zero based)
 Heap Region Size: 1M
 Heap Min Capacity: 8M
 Heap Initial Capacity: 128M
 Heap Max Capacity: 2G
 Pre-touch: Disabled
 Parallel Workers: 8
 Concurrent Workers: 2
 Concurrent Refinement Workers: 8
 Periodic GC: Disabled
Heap:
 garbage-first heap   total reserved 2097152K, committed 111616K, used 32827K [0x0000000780000000, 0x0000000800000000)
  region size 1024K, 8 young (8192K), 2 survivors (2048K)
GC Heap Usage History (20 events):
Event: 1797.577 {heap Before GC invocations=142 (full 17):
 garbage-first heap   total reserved 2097152K, committed 104448K, used 98533K [0x0000000780000000, 0x0000000800000000)
  region size 1024K, 44 young (45056K), 1 survivors (1024K)
}
Event: 1797.578 {heap After GC invocations=143 (full 17):
 garbage-first heap   total reserved 2097152K, committed 105472K, used 33051K [0x0000000780000000, 0x0000000800000000)
  region size 1024K, 1 young (1024K), 1 survivors (1024K)
}
Event: 1797.600 {heap Before GC invocations=143 (full 17):
 garbage-first heap   total reserved 2097152K, committed 105472K, used 94491K [0x0000000780000000, 0x0000000800000000)
  region size 1024K, 61 young (62464K), 1 survivors (1024K)
}
Event: 1797.601 {heap After GC invocations=144 (full 17):
 garbage-first heap   total reserved 2097152K, committed 105472K, used 29285K [0x0000000780000000, 0x0000000800000000)
  region size 1024K, 1 young (1024K), 1 survivors (1024K)
}
Event: 1797.622 {heap Before GC invocations=144 (full 17):
 garbage-first heap   total reserved 2097152K, committed 105472K, used 90725K [0x0000000780000000, 0x0000000800000000)
  region size 1024K, 61 young (62464K), 1 survivors (1024K)
}
Event: 1797.623 {heap After GC invocations=145 (full 17):
 garbage-first heap   total reserved 2097152K, committed 231424K, used 29537K [0x0000000780000000, 0x0000000800000000)
  region size 1024K, 2 young (2048K), 2 survivors (2048K)
}
Event: 1797.663 {heap Before GC invocations=146 (full 17):
 garbage-first heap   total reserved 2097152K, committed 109568K, used 104289K [0x0000000780000000, 0x0000000800000000)
  region size 1024K, 77 young (78848K), 2 survivors (2048K)
}
Event: 1797.664 {heap After GC invocations=147 (full 17):
 garbage-first heap   total reserved 2097152K, committed 110592K, used 27331K [0x0000000780000000, 0x0000000800000000)
  region size 1024K, 1 young (1024K), 1 survivors (1024K)
}
Event: 1797.691 {heap Before GC invocations=147 (full 17):
 garbage-first heap   total reserved 2097152K, committed 110592K, used 91843K [0x0000000780000000, 0x0000000800000000)
  region size 1024K, 64 young (65536K), 1 survivors (1024K)
}
Event: 1797.692 {heap After GC invocations=148 (full 17):
 garbage-first heap   total reserved 2097152K, committed 110592K, used 27022K [0x0000000780000000, 0x0000000800000000)
  region size 1024K, 1 young (1024K), 1 survivors (1024K)
}
Event: 1797.722 {heap Before GC invocations=148 (full 17):
 garbage-first heap   total reserved 2097152K, committed 110592K, used 91534K [0x0000000780000000, 0x0000000800000000)
  region size 1024K, 64 young (65536K), 1 survivors (1024K)
}
Event: 1797.724 {heap After GC invocations=149 (full 17):
 garbage-first heap   total reserved 2097152K, committed 110592K, used 27238K [0x0000000780000000, 0x0000000800000000)
  region size 1024K, 2 young (2048K), 2 survivors (2048K)
}
Event: 1797.765 {heap Before GC invocations=150 (full 17):
 garbage-first heap   total reserved 2097152K, committed 109568K, used 90726K [0x0000000780000000, 0x0000000800000000)
  region size 1024K, 64 young (65536K), 2 survivors (2048K)
}
Event: 1797.766 {heap After GC invocations=151 (full 17):
 garbage-first heap   total reserved 2097152K, committed 109568K, used 27341K [0x0000000780000000, 0x0000000800000000)
  region size 1024K, 2 young (2048K), 2 survivors (2048K)
}
Event: 1797.792 {heap Before GC invocations=151 (full 17):
 garbage-first heap   total reserved 2097152K, committed 109568K, used 90829K [0x0000000780000000, 0x0000000800000000)
  region size 1024K, 64 young (65536K), 2 survivors (2048K)
}
Event: 1797.793 {heap After GC invocations=152 (full 17):
 garbage-first heap   total reserved 2097152K, committed 109568K, used 27452K [0x0000000780000000, 0x0000000800000000)
  region size 1024K, 2 young (2048K), 2 survivors (2048K)
}
Event: 1797.823 {heap Before GC invocations=152 (full 17):
 garbage-first heap   total reserved 2097152K, committed 109568K, used 90940K [0x0000000780000000, 0x0000000800000000)
  region size 1024K, 64 young (65536K), 2 survivors (2048K)
}
Event: 1797.824 {heap After GC invocations=153 (full 17):
 garbage-first heap   total reserved 2097152K, committed 162816K, used 27558K [0x0000000780000000, 0x0000000800000000)
  region size 1024K, 2 young (2048K), 2 survivors (2048K)
}
Event: 1797.864 {heap Before GC invocations=154 (full 17):
 garbage-first heap   total reserved 2097152K, committed 109568K, used 104358K [0x0000000780000000, 0x0000000800000000)
  region size 1024K, 77 young (78848K), 2 survivors (2048K)
}
Event: 1797.865 {heap After GC invocations=155 (full 17):
 garbage-first heap   total reserved 2097152K, committed 111616K, used 27707K [0x0000000780000000, 0x0000000800000000)
  region size 1024K, 2 young (2048K), 2 survivors (2048K)
}

